#
# There is insufficient memory for the Java Runtime Environment to continue.
# Native memory allocation (mmap) failed to map 1431830528 bytes for committing reserved memory.
# Possible reasons:
#   The system is out of physical RAM or swap space
#   The process is running with CompressedOops enabled, and the Java Heap may be blocking the growth of the native heap
# Possible solutions:
#   Reduce memory load on the system
#   Increase physical memory or swap space
#   Check if swap backing store is full
#   Decrease Java heap size (-Xmx/-Xms)
#   Decrease number of Java threads
#   Decrease Java thread stack sizes (-Xss)
#   Set larger code cache with -XX:ReservedCodeCacheSize=
# This output file may be truncated or incomplete.
#
#  Out of Memory Error (os_linux.cpp:2749), pid=1289, tid=0x00007ff403c34700
#
# JRE version:  (8.0_202-b08) (build )
# Java VM: Java HotSpot(TM) 64-Bit Server VM (25.202-b08 mixed mode linux-amd64 compressed oops)
# Failed to write core dump. Core dumps have been disabled. To enable core dumping, try "ulimit -c unlimited" before starting Java again
#

---------------  T H R E A D  ---------------

Current thread (0x00007ff3fc00e800):  JavaThread "Unknown thread" [_thread_in_vm, id=1290, stack(0x00007ff403b35000,0x00007ff403c35000)]

Stack: [0x00007ff403b35000,0x00007ff403c35000],  sp=0x00007ff403c33570,  free space=1017k
Native frames: (J=compiled Java code, j=interpreted, Vv=VM code, C=native code)
V  [libjvm.so+0xad33a5]  VMError::report_and_die()+0x2e5
V  [libjvm.so+0x4e04c7]  report_vm_out_of_memory(char const*, int, unsigned long, VMErrorType, char const*)+0x67
V  [libjvm.so+0x910290]  os::pd_commit_memory(char*, unsigned long, unsigned long, bool)+0x100
V  [libjvm.so+0x9078bf]  os::commit_memory(char*, unsigned long, unsigned long, bool)+0x1f
V  [libjvm.so+0x98c686]  PSVirtualSpace::expand_by(unsigned long)+0x56
V  [libjvm.so+0x97cf3c]  PSOldGen::initialize(ReservedSpace, unsigned long, char const*, int)+0x8c
V  [libjvm.so+0x2bcfce]  AdjoiningGenerations::AdjoiningGenerations(ReservedSpace, GenerationSizer*, unsigned long)+0x2fe
V  [libjvm.so+0x93abb2]  ParallelScavengeHeap::initialize()+0x222
V  [libjvm.so+0xa96fca]  Universe::initialize_heap()+0x16a
V  [libjvm.so+0xa972b3]  universe_init()+0x33
V  [libjvm.so+0x632110]  init_globals()+0x50
V  [libjvm.so+0xa799e9]  Threads::create_vm(JavaVMInitArgs*, bool*)+0x409
V  [libjvm.so+0x6d7c8f]  JNI_CreateJavaVM+0x4f
C  [libjli.so+0x7ee4]  JavaMain+0x84
C  [libpthread.so.0+0x76db]  start_thread+0xdb


---------------  P R O C E S S  ---------------

Java Threads: ( => current thread )

Other Threads:

=>0x00007ff3fc00e800 (exited) JavaThread "Unknown thread" [_thread_in_vm, id=1290, stack(0x00007ff403b35000,0x00007ff403c35000)]

VM state:not at safepoint (not fully initialized)

VM Mutex/Monitor currently owned by a thread: None

heap address: 0x00000006c0000000, size: 4096 MB, Compressed Oops mode: Non-zero based:0x00000006bffff000, Oop shift amount: 3
Narrow klass base: 0x0000000000000000, Narrow klass shift: 0

GC Heap History (0 events):
No events

Deoptimization events (0 events):
No events

Classes redefined (0 events):
No events

Internal exceptions (0 events):
No events

Events (0 events):
No events


Dynamic libraries:
00400000-00401000 r-xp 00000000 08:11 6454312                            /home/aflynn50/Downloads/jdk-8u202-linux-x64/jdk1.8.0_202/bin/java
00600000-00601000 r--p 00000000 08:11 6454312                            /home/aflynn50/Downloads/jdk-8u202-linux-x64/jdk1.8.0_202/bin/java
00601000-00602000 rw-p 00001000 08:11 6454312                            /home/aflynn50/Downloads/jdk-8u202-linux-x64/jdk1.8.0_202/bin/java
0178e000-017af000 rw-p 00000000 00:00 0                                  [heap]
715580000-76ab00000 ---p 00000000 00:00 0 
76ab00000-795580000 rw-p 00000000 00:00 0 
795580000-7c0000000 ---p 00000000 00:00 0 
7ff3ec7ff000-7ff3ecd54000 ---p 00000000 00:00 0 
7ff3ecd54000-7ff3eceaa000 rw-p 00000000 00:00 0 
7ff3eceaa000-7ff3ecfff000 ---p 00000000 00:00 0 
7ff3ecfff000-7ff3ed000000 rw-p 00000000 00:00 0 
7ff3ed000000-7ff3ed270000 rwxp 00000000 00:00 0 
7ff3ed270000-7ff3fc000000 ---p 00000000 00:00 0 
7ff3fc000000-7ff3fc039000 rw-p 00000000 00:00 0 
7ff3fc039000-7ff400000000 ---p 00000000 00:00 0 
7ff40037e000-7ff40061d000 rw-p 00000000 00:00 0 
7ff40061d000-7ff4009d3000 ---p 00000000 00:00 0 
7ff4009d3000-7ff4009ee000 r-xp 00000000 08:11 6460025                    /home/aflynn50/Downloads/jdk-8u202-linux-x64/jdk1.8.0_202/jre/lib/amd64/libzip.so
7ff4009ee000-7ff400bed000 ---p 0001b000 08:11 6460025                    /home/aflynn50/Downloads/jdk-8u202-linux-x64/jdk1.8.0_202/jre/lib/amd64/libzip.so
7ff400bed000-7ff400bee000 r--p 0001a000 08:11 6460025                    /home/aflynn50/Downloads/jdk-8u202-linux-x64/jdk1.8.0_202/jre/lib/amd64/libzip.so
7ff400bee000-7ff400bef000 rw-p 0001b000 08:11 6460025                    /home/aflynn50/Downloads/jdk-8u202-linux-x64/jdk1.8.0_202/jre/lib/amd64/libzip.so
7ff400bef000-7ff400bfa000 r-xp 00000000 08:11 4199182                    /lib/x86_64-linux-gnu/libnss_files-2.27.so
7ff400bfa000-7ff400df9000 ---p 0000b000 08:11 4199182                    /lib/x86_64-linux-gnu/libnss_files-2.27.so
7ff400df9000-7ff400dfa000 r--p 0000a000 08:11 4199182                    /lib/x86_64-linux-gnu/libnss_files-2.27.so
7ff400dfa000-7ff400dfb000 rw-p 0000b000 08:11 4199182                    /lib/x86_64-linux-gnu/libnss_files-2.27.so
7ff400dfb000-7ff400e01000 rw-p 00000000 00:00 0 
7ff400e01000-7ff400e18000 r-xp 00000000 08:11 4199176                    /lib/x86_64-linux-gnu/libnsl-2.27.so
7ff400e18000-7ff401017000 ---p 00017000 08:11 4199176                    /lib/x86_64-linux-gnu/libnsl-2.27.so
7ff401017000-7ff401018000 r--p 00016000 08:11 4199176                    /lib/x86_64-linux-gnu/libnsl-2.27.so
7ff401018000-7ff401019000 rw-p 00017000 08:11 4199176                    /lib/x86_64-linux-gnu/libnsl-2.27.so
7ff401019000-7ff40101b000 rw-p 00000000 00:00 0 
7ff40101b000-7ff401026000 r-xp 00000000 08:11 4199193                    /lib/x86_64-linux-gnu/libnss_nis-2.27.so
7ff401026000-7ff401225000 ---p 0000b000 08:11 4199193                    /lib/x86_64-linux-gnu/libnss_nis-2.27.so
7ff401225000-7ff401226000 r--p 0000a000 08:11 4199193                    /lib/x86_64-linux-gnu/libnss_nis-2.27.so
7ff401226000-7ff401227000 rw-p 0000b000 08:11 4199193                    /lib/x86_64-linux-gnu/libnss_nis-2.27.so
7ff401227000-7ff40122f000 r-xp 00000000 08:11 4199178                    /lib/x86_64-linux-gnu/libnss_compat-2.27.so
7ff40122f000-7ff40142f000 ---p 00008000 08:11 4199178                    /lib/x86_64-linux-gnu/libnss_compat-2.27.so
7ff40142f000-7ff401430000 r--p 00008000 08:11 4199178                    /lib/x86_64-linux-gnu/libnss_compat-2.27.so
7ff401430000-7ff401431000 rw-p 00009000 08:11 4199178                    /lib/x86_64-linux-gnu/libnss_compat-2.27.so
7ff401431000-7ff40143b000 r-xp 00000000 08:11 6460034                    /home/aflynn50/Downloads/jdk-8u202-linux-x64/jdk1.8.0_202/jre/lib/amd64/libinstrument.so
7ff40143b000-7ff40163a000 ---p 0000a000 08:11 6460034                    /home/aflynn50/Downloads/jdk-8u202-linux-x64/jdk1.8.0_202/jre/lib/amd64/libinstrument.so
7ff40163a000-7ff40163b000 r--p 00009000 08:11 6460034                    /home/aflynn50/Downloads/jdk-8u202-linux-x64/jdk1.8.0_202/jre/lib/amd64/libinstrument.so
7ff40163b000-7ff40163c000 rw-p 0000a000 08:11 6460034                    /home/aflynn50/Downloads/jdk-8u202-linux-x64/jdk1.8.0_202/jre/lib/amd64/libinstrument.so
7ff40163c000-7ff401668000 r-xp 00000000 08:11 6460019                    /home/aflynn50/Downloads/jdk-8u202-linux-x64/jdk1.8.0_202/jre/lib/amd64/libjava.so
7ff401668000-7ff401867000 ---p 0002c000 08:11 6460019                    /home/aflynn50/Downloads/jdk-8u202-linux-x64/jdk1.8.0_202/jre/lib/amd64/libjava.so
7ff401867000-7ff401868000 r--p 0002b000 08:11 6460019                    /home/aflynn50/Downloads/jdk-8u202-linux-x64/jdk1.8.0_202/jre/lib/amd64/libjava.so
7ff401868000-7ff40186a000 rw-p 0002c000 08:11 6460019                    /home/aflynn50/Downloads/jdk-8u202-linux-x64/jdk1.8.0_202/jre/lib/amd64/libjava.so
7ff40186a000-7ff401877000 r-xp 00000000 08:11 6460024                    /home/aflynn50/Downloads/jdk-8u202-linux-x64/jdk1.8.0_202/jre/lib/amd64/libverify.so
7ff401877000-7ff401a76000 ---p 0000d000 08:11 6460024                    /home/aflynn50/Downloads/jdk-8u202-linux-x64/jdk1.8.0_202/jre/lib/amd64/libverify.so
7ff401a76000-7ff401a78000 r--p 0000c000 08:11 6460024                    /home/aflynn50/Downloads/jdk-8u202-linux-x64/jdk1.8.0_202/jre/lib/amd64/libverify.so
7ff401a78000-7ff401a79000 rw-p 0000e000 08:11 6460024                    /home/aflynn50/Downloads/jdk-8u202-linux-x64/jdk1.8.0_202/jre/lib/amd64/libverify.so
7ff401a79000-7ff401a80000 r-xp 00000000 08:11 4199233                    /lib/x86_64-linux-gnu/librt-2.27.so
7ff401a80000-7ff401c7f000 ---p 00007000 08:11 4199233                    /lib/x86_64-linux-gnu/librt-2.27.so
7ff401c7f000-7ff401c80000 r--p 00006000 08:11 4199233                    /lib/x86_64-linux-gnu/librt-2.27.so
7ff401c80000-7ff401c81000 rw-p 00007000 08:11 4199233                    /lib/x86_64-linux-gnu/librt-2.27.so
7ff401c81000-7ff401e1e000 r-xp 00000000 08:11 4199155                    /lib/x86_64-linux-gnu/libm-2.27.so
7ff401e1e000-7ff40201d000 ---p 0019d000 08:11 4199155                    /lib/x86_64-linux-gnu/libm-2.27.so
7ff40201d000-7ff40201e000 r--p 0019c000 08:11 4199155                    /lib/x86_64-linux-gnu/libm-2.27.so
7ff40201e000-7ff40201f000 rw-p 0019d000 08:11 4199155                    /lib/x86_64-linux-gnu/libm-2.27.so
7ff40201f000-7ff402d07000 r-xp 00000000 08:11 6460000                    /home/aflynn50/Downloads/jdk-8u202-linux-x64/jdk1.8.0_202/jre/lib/amd64/server/libjvm.so
7ff402d07000-7ff402f06000 ---p 00ce8000 08:11 6460000                    /home/aflynn50/Downloads/jdk-8u202-linux-x64/jdk1.8.0_202/jre/lib/amd64/server/libjvm.so
7ff402f06000-7ff402f9c000 r--p 00ce7000 08:11 6460000                    /home/aflynn50/Downloads/jdk-8u202-linux-x64/jdk1.8.0_202/jre/lib/amd64/server/libjvm.so
7ff402f9c000-7ff402fcd000 rw-p 00d7d000 08:11 6460000                    /home/aflynn50/Downloads/jdk-8u202-linux-x64/jdk1.8.0_202/jre/lib/amd64/server/libjvm.so
7ff402fcd000-7ff403008000 rw-p 00000000 00:00 0 
7ff403008000-7ff4031ef000 r-xp 00000000 08:11 4199092                    /lib/x86_64-linux-gnu/libc-2.27.so
7ff4031ef000-7ff4033ef000 ---p 001e7000 08:11 4199092                    /lib/x86_64-linux-gnu/libc-2.27.so
7ff4033ef000-7ff4033f3000 r--p 001e7000 08:11 4199092                    /lib/x86_64-linux-gnu/libc-2.27.so
7ff4033f3000-7ff4033f5000 rw-p 001eb000 08:11 4199092                    /lib/x86_64-linux-gnu/libc-2.27.so
7ff4033f5000-7ff4033f9000 rw-p 00000000 00:00 0 
7ff4033f9000-7ff4033fc000 r-xp 00000000 08:11 4199115                    /lib/x86_64-linux-gnu/libdl-2.27.so
7ff4033fc000-7ff4035fb000 ---p 00003000 08:11 4199115                    /lib/x86_64-linux-gnu/libdl-2.27.so
7ff4035fb000-7ff4035fc000 r--p 00002000 08:11 4199115                    /lib/x86_64-linux-gnu/libdl-2.27.so
7ff4035fc000-7ff4035fd000 rw-p 00003000 08:11 4199115                    /lib/x86_64-linux-gnu/libdl-2.27.so
7ff4035fd000-7ff403614000 r-xp 00000000 08:11 6459759                    /home/aflynn50/Downloads/jdk-8u202-linux-x64/jdk1.8.0_202/lib/amd64/jli/libjli.so
7ff403614000-7ff403813000 ---p 00017000 08:11 6459759                    /home/aflynn50/Downloads/jdk-8u202-linux-x64/jdk1.8.0_202/lib/amd64/jli/libjli.so
7ff403813000-7ff403814000 r--p 00016000 08:11 6459759                    /home/aflynn50/Downloads/jdk-8u202-linux-x64/jdk1.8.0_202/lib/amd64/jli/libjli.so
7ff403814000-7ff403815000 rw-p 00017000 08:11 6459759                    /home/aflynn50/Downloads/jdk-8u202-linux-x64/jdk1.8.0_202/lib/amd64/jli/libjli.so
7ff403815000-7ff40382f000 r-xp 00000000 08:11 4199225                    /lib/x86_64-linux-gnu/libpthread-2.27.so
7ff40382f000-7ff403a2e000 ---p 0001a000 08:11 4199225                    /lib/x86_64-linux-gnu/libpthread-2.27.so
7ff403a2e000-7ff403a2f000 r--p 00019000 08:11 4199225                    /lib/x86_64-linux-gnu/libpthread-2.27.so
7ff403a2f000-7ff403a30000 rw-p 0001a000 08:11 4199225                    /lib/x86_64-linux-gnu/libpthread-2.27.so
7ff403a30000-7ff403a34000 rw-p 00000000 00:00 0 
7ff403a34000-7ff403a5b000 r-xp 00000000 08:11 4199064                    /lib/x86_64-linux-gnu/ld-2.27.so
7ff403b34000-7ff403b35000 ---p 00000000 00:00 0 
7ff403b35000-7ff403b38000 ---p 00000000 00:00 0 
7ff403b38000-7ff403c37000 rw-p 00000000 00:00 0 
7ff403c4f000-7ff403c57000 rw-s 00000000 08:11 4325698                    /tmp/hsperfdata_aflynn50/1289
7ff403c57000-7ff403c58000 rw-p 00000000 00:00 0 
7ff403c58000-7ff403c59000 r--p 00000000 00:00 0 
7ff403c59000-7ff403c5b000 rw-p 00000000 00:00 0 
7ff403c5b000-7ff403c5c000 r--p 00027000 08:11 4199064                    /lib/x86_64-linux-gnu/ld-2.27.so
7ff403c5c000-7ff403c5d000 rw-p 00028000 08:11 4199064                    /lib/x86_64-linux-gnu/ld-2.27.so
7ff403c5d000-7ff403c5e000 rw-p 00000000 00:00 0 
7ffdee790000-7ffdee7b2000 rw-p 00000000 00:00 0                          [stack]
7ffdee7e3000-7ffdee7e6000 r--p 00000000 00:00 0                          [vvar]
7ffdee7e6000-7ffdee7e8000 r-xp 00000000 00:00 0                          [vdso]
ffffffffff600000-ffffffffff601000 r-xp 00000000 00:00 0                  [vsyscall]

VM Arguments:
jvm_args: -Xms2g -Xmx4g -javaagent:/snap/intellij-idea-community/197/lib/idea_rt.jar=44479:/snap/intellij-idea-community/197/bin -Dfile.encoding=UTF-8 
java_command: org.ggp.base.apps.player.Player
java_class_path (initial): /home/aflynn50/Documents/Uni/Third-year-project/Repos/ggp-base-sancho/bin:/home/aflynn50/Downloads/jdk-8u202-linux-x64/jdk1.8.0_202/jre/lib/charsets.jar:/home/aflynn50/Downloads/jdk-8u202-linux-x64/jdk1.8.0_202/jre/lib/deploy.jar:/home/aflynn50/Downloads/jdk-8u202-linux-x64/jdk1.8.0_202/jre/lib/ext/cldrdata.jar:/home/aflynn50/Downloads/jdk-8u202-linux-x64/jdk1.8.0_202/jre/lib/ext/dnsns.jar:/home/aflynn50/Downloads/jdk-8u202-linux-x64/jdk1.8.0_202/jre/lib/ext/jaccess.jar:/home/aflynn50/Downloads/jdk-8u202-linux-x64/jdk1.8.0_202/jre/lib/ext/jfxrt.jar:/home/aflynn50/Downloads/jdk-8u202-linux-x64/jdk1.8.0_202/jre/lib/ext/localedata.jar:/home/aflynn50/Downloads/jdk-8u202-linux-x64/jdk1.8.0_202/jre/lib/ext/nashorn.jar:/home/aflynn50/Downloads/jdk-8u202-linux-x64/jdk1.8.0_202/jre/lib/ext/sunec.jar:/home/aflynn50/Downloads/jdk-8u202-linux-x64/jdk1.8.0_202/jre/lib/ext/sunjce_provider.jar:/home/aflynn50/Downloads/jdk-8u202-linux-x64/jdk1.8.0_202/jre/lib/ext/sunpkcs11.jar:/home/aflynn50/Downloads/jdk-8u202-linux-x64/jdk1.8.0_202/jre/lib/ext/zipfs.jar:/home/aflynn50/Downloads/jdk-8u202-linux-x64/jdk1.8.0_202/jre/lib/javaws.jar:/home/aflynn50/Downloads/jdk-8u202-linux-x64/jdk1.8.0_202/jre/lib/jce.jar:/home/aflynn50/Downloads/jdk-8u202-linux-x64/jdk1.8.0_202/jre/lib/jfr.jar:/home/aflynn50/Downloads/jdk-8u202-linux-x64/jdk1.8.0_202/jre/lib/jfxswt.jar:/home/aflynn50/Downloads/jdk-8u202-linux-x64/jdk1.8.0_202/jre/lib/jsse.jar:/home/aflynn50/Downloads/jdk-8u202-linux-x64/jdk1.8.0_202/jre/lib/management-agent.jar:/home/aflynn50/Downloads/jdk-8u202-linux-x64/jdk1.8.0_202/jre/lib/plugin.jar:/home/aflynn50/Downloads/jdk-8u202-linux-x64/jdk1.8.0_202/jre/lib/resources.jar:/home/aflynn50/Downloads/jdk-8u202-linux-x64/jdk1.8.0_202/jre/lib/rt.jar:/home/aflynn50/Documents/Uni/Third-year-project/Repos/ggp-base-sancho/src/external/FlyingSaucer/core-renderer.jar:/home/aflynn50/Documents/Uni/Third-year-project/Repos/ggp-base-sancho/src/external/JTidy/Tidy.jar:/home/afl
Launcher Type: SUN_STANDARD

Environment Variables:
PATH=/home/aflynn50/.cargo/bin:/home/aflynn50/.local/bin:/usr/local/sbin:/usr/local/bin:/usr/sbin:/usr/bin:/sbin:/bin:/usr/games:/usr/local/games:/snap/bin
USERNAME=aflynn50
SHELL=/bin/bash
DISPLAY=:0

Signal Handlers:
SIGSEGV: [libjvm.so+0xad3ce0], sa_mask[0]=11111111011111111101111111111110, sa_flags=SA_RESTART|SA_SIGINFO
SIGBUS: [libjvm.so+0xad3ce0], sa_mask[0]=11111111011111111101111111111110, sa_flags=SA_RESTART|SA_SIGINFO
SIGFPE: [libjvm.so+0x90b820], sa_mask[0]=11111111011111111101111111111110, sa_flags=SA_RESTART|SA_SIGINFO
SIGPIPE: [libjvm.so+0x90b820], sa_mask[0]=11111111011111111101111111111110, sa_flags=SA_RESTART|SA_SIGINFO
SIGXFSZ: [libjvm.so+0x90b820], sa_mask[0]=11111111011111111101111111111110, sa_flags=SA_RESTART|SA_SIGINFO
SIGILL: [libjvm.so+0x90b820], sa_mask[0]=11111111011111111101111111111110, sa_flags=SA_RESTART|SA_SIGINFO
SIGUSR1: SIG_DFL, sa_mask[0]=00000000000000000000000000000000, sa_flags=none
SIGUSR2: [libjvm.so+0x90b6f0], sa_mask[0]=00100000000000000000000000000000, sa_flags=SA_RESTART|SA_SIGINFO
SIGHUP: SIG_DFL, sa_mask[0]=00000000000000000000000000000000, sa_flags=none
SIGINT: SIG_DFL, sa_mask[0]=00000000000000000000000000000000, sa_flags=none
SIGTERM: SIG_DFL, sa_mask[0]=00000000000000000000000000000000, sa_flags=none
SIGQUIT: SIG_DFL, sa_mask[0]=00000000000000000000000000000000, sa_flags=none


---------------  S Y S T E M  ---------------

OS:DISTRIB_ID=Ubuntu
DISTRIB_RELEASE=18.04
DISTRIB_CODENAME=bionic
DISTRIB_DESCRIPTION="Ubuntu 18.04.3 LTS"

uname:Linux 4.15.0-74-generic #84-Ubuntu SMP Thu Dec 19 08:06:28 UTC 2019 x86_64
libc:glibc 2.27 NPTL 2.27 
rlimit: STACK 8192k, CORE 0k, NPROC 30561, NOFILE 1048576, AS infinity
load average:2.31 3.94 2.97

/proc/meminfo:
MemTotal:        7868628 kB
MemFree:          382968 kB
MemAvailable:     635640 kB
Buffers:           48524 kB
Cached:          1162388 kB
SwapCached:         3840 kB
Active:          6018408 kB
Inactive:        1097676 kB
Active(anon):    5771352 kB
Inactive(anon):   907764 kB
Active(file):     247056 kB
Inactive(file):   189912 kB
Unevictable:          80 kB
Mlocked:              80 kB
SwapTotal:       2097148 kB
SwapFree:             56 kB
Dirty:             16744 kB
Writeback:             0 kB
AnonPages:       5903120 kB
Mapped:           524272 kB
Shmem:            773716 kB
Slab:             156360 kB
SReclaimable:      69748 kB
SUnreclaim:        86612 kB
KernelStack:       21888 kB
PageTables:       106252 kB
NFS_Unstable:          0 kB
Bounce:                0 kB
WritebackTmp:          0 kB
CommitLimit:     6031460 kB
Committed_AS:   19084136 kB
VmallocTotal:   34359738367 kB
VmallocUsed:           0 kB
VmallocChunk:          0 kB
HardwareCorrupted:     0 kB
AnonHugePages:         0 kB
ShmemHugePages:        0 kB
ShmemPmdMapped:        0 kB
CmaTotal:              0 kB
CmaFree:               0 kB
HugePages_Total:       0
HugePages_Free:        0
HugePages_Rsvd:        0
HugePages_Surp:        0
Hugepagesize:       2048 kB
DirectMap4k:      432240 kB
DirectMap2M:     7653376 kB
DirectMap1G:     1048576 kB

container (cgroup) information:
container_type: cgroupv1
cpu_cpuset_cpus: 0-3
cpu_memory_nodes: 0
active_processor_count: 4
cpu_quota: -1
cpu_period: 100000
cpu_shares: -1
memory_limit_in_bytes: -1
memory_and_swap_limit_in_bytes: -2
memory_soft_limit_in_bytes: -1
memory_usage_in_bytes: 7286403072
memory_max_usage_in_bytes: 109961216


CPU:total 4 (initial active 4) (2 cores per cpu, 2 threads per core) family 6 model 60 stepping 3, cmov, cx8, fxsr, mmx, sse, sse2, sse3, ssse3, sse4.1, sse4.2, popcnt, avx, avx2, aes, clmul, erms, lzcnt, ht, tsc, tscinvbit, bmi1, bmi2

/proc/cpuinfo:
processor	: 0
vendor_id	: GenuineIntel
cpu family	: 6
model		: 60
model name	: Intel(R) Core(TM) i5-4300M CPU @ 2.60GHz
stepping	: 3
microcode	: 0x27
cpu MHz		: 3192.821
cache size	: 3072 KB
physical id	: 0
siblings	: 4
core id		: 0
cpu cores	: 2
apicid		: 0
initial apicid	: 0
fpu		: yes
fpu_exception	: yes
cpuid level	: 13
wp		: yes
flags		: fpu vme de pse tsc msr pae mce cx8 apic sep mtrr pge mca cmov pat pse36 clflush dts acpi mmx fxsr sse sse2 ss ht tm pbe syscall nx pdpe1gb rdtscp lm constant_tsc arch_perfmon pebs bts rep_good nopl xtopology nonstop_tsc cpuid aperfmperf pni pclmulqdq dtes64 monitor ds_cpl vmx smx est tm2 ssse3 sdbg fma cx16 xtpr pdcm pcid sse4_1 sse4_2 x2apic movbe popcnt tsc_deadline_timer aes xsave avx f16c rdrand lahf_lm abm cpuid_fault epb invpcid_single pti ssbd ibrs ibpb stibp tpr_shadow vnmi flexpriority ept vpid fsgsbase tsc_adjust bmi1 avx2 smep bmi2 erms invpcid xsaveopt dtherm ida arat pln pts md_clear flush_l1d
bugs		: cpu_meltdown spectre_v1 spectre_v2 spec_store_bypass l1tf mds swapgs itlb_multihit
bogomips	: 5188.33
clflush size	: 64
cache_alignment	: 64
address sizes	: 39 bits physical, 48 bits virtual
power management:

processor	: 1
vendor_id	: GenuineIntel
cpu family	: 6
model		: 60
model name	: Intel(R) Core(TM) i5-4300M CPU @ 2.60GHz
stepping	: 3
microcode	: 0x27
cpu MHz		: 3192.821
cache size	: 3072 KB
physical id	: 0
siblings	: 4
core id		: 0
cpu cores	: 2
apicid		: 1
initial apicid	: 1
fpu		: yes
fpu_exception	: yes
cpuid level	: 13
wp		: yes
flags		: fpu vme de pse tsc msr pae mce cx8 apic sep mtrr pge mca cmov pat pse36 clflush dts acpi mmx fxsr sse sse2 ss ht tm pbe syscall nx pdpe1gb rdtscp lm constant_tsc arch_perfmon pebs bts rep_good nopl xtopology nonstop_tsc cpuid aperfmperf pni pclmulqdq dtes64 monitor ds_cpl vmx smx est tm2 ssse3 sdbg fma cx16 xtpr pdcm pcid sse4_1 sse4_2 x2apic movbe popcnt tsc_deadline_timer aes xsave avx f16c rdrand lahf_lm abm cpuid_fault epb invpcid_single pti ssbd ibrs ibpb stibp tpr_shadow vnmi flexpriority ept vpid fsgsbase tsc_adjust bmi1 avx2 smep bmi2 erms invpcid xsaveopt dtherm ida arat pln pts md_clear flush_l1d
bugs		: cpu_meltdown spectre_v1 spectre_v2 spec_store_bypass l1tf mds swapgs itlb_multihit
bogomips	: 5188.33
clflush size	: 64
cache_alignment	: 64
address sizes	: 39 bits physical, 48 bits virtual
power management:

processor	: 2
vendor_id	: GenuineIntel
cpu family	: 6
model		: 60
model name	: Intel(R) Core(TM) i5-4300M CPU @ 2.60GHz
stepping	: 3
microcode	: 0x27
cpu MHz		: 3192.822
cache size	: 3072 KB
physical id	: 0
siblings	: 4
core id		: 1
cpu cores	: 2
apicid		: 2
initial apicid	: 2
fpu		: yes
fpu_exception	: yes
cpuid level	: 13
wp		: yes
flags		: fpu vme de pse tsc msr pae mce cx8 apic sep mtrr pge mca cmov pat pse36 clflush dts acpi mmx fxsr sse sse2 ss ht tm pbe syscall nx pdpe1gb rdtscp lm constant_tsc arch_perfmon pebs bts rep_good nopl xtopology nonstop_tsc cpuid aperfmperf pni pclmulqdq dtes64 monitor ds_cpl vmx smx est tm2 ssse3 sdbg fma cx16 xtpr pdcm pcid sse4_1 sse4_2 x2apic movbe popcnt tsc_deadline_timer aes xsave avx f16c rdrand lahf_lm abm cpuid_fault epb invpcid_single pti ssbd ibrs ibpb stibp tpr_shadow vnmi flexpriority ept vpid fsgsbase tsc_adjust bmi1 avx2 smep bmi2 erms invpcid xsaveopt dtherm ida arat pln pts md_clear flush_l1d
bugs		: cpu_meltdown spectre_v1 spectre_v2 spec_store_bypass l1tf mds swapgs itlb_multihit
bogomips	: 5188.33
clflush size	: 64
cache_alignment	: 64
address sizes	: 39 bits physical, 48 bits virtual
power management:

processor	: 3
vendor_id	: GenuineIntel
cpu family	: 6
model		: 60
model name	: Intel(R) Core(TM) i5-4300M CPU @ 2.60GHz
stepping	: 3
microcode	: 0x27
cpu MHz		: 3192.821
cache size	: 3072 KB
physical id	: 0
siblings	: 4
core id		: 1
cpu cores	: 2
apicid		: 3
initial apicid	: 3
fpu		: yes
fpu_exception	: yes
cpuid level	: 13
wp		: yes
flags		: fpu vme de pse tsc msr pae mce cx8 apic sep mtrr pge mca cmov pat pse36 clflush dts acpi mmx fxsr sse sse2 ss ht tm pbe syscall nx pdpe1gb rdtscp lm constant_tsc arch_perfmon pebs bts rep_good nopl xtopology nonstop_tsc cpuid aperfmperf pni pclmulqdq dtes64 monitor ds_cpl vmx smx est tm2 ssse3 sdbg fma cx16 xtpr pdcm pcid sse4_1 sse4_2 x2apic movbe popcnt tsc_deadline_timer aes xsave avx f16c rdrand lahf_lm abm cpuid_fault epb invpcid_single pti ssbd ibrs ibpb stibp tpr_shadow vnmi flexpriority ept vpid fsgsbase tsc_adjust bmi1 avx2 smep bmi2 erms invpcid xsaveopt dtherm ida arat pln pts md_clear flush_l1d
bugs		: cpu_meltdown spectre_v1 spectre_v2 spec_store_bypass l1tf mds swapgs itlb_multihit
bogomips	: 5188.33
clflush size	: 64
cache_alignment	: 64
address sizes	: 39 bits physical, 48 bits virtual
power management:



Memory: 4k page, physical 7868628k(381480k free), swap 2097148k(56k free)

vm_info: Java HotSpot(TM) 64-Bit Server VM (25.202-b08) for linux-amd64 JRE (1.8.0_202-b08), built on Dec 15 2018 12:40:22 by "java_re" with gcc 7.3.0

time: Fri Jan 17 13:57:56 2020
timezone: GMT
elapsed time: 0 seconds (0d 0h 0m 0s)

